07:39:59.920 [ApplicationImpl pooled thread 268] INFO  c.b.l.BrowserStackRunExtension - testng
07:39:59.922 [ApplicationImpl pooled thread 268] INFO  com.browserstack.utils.Helpers - null
07:39:59.922 [ApplicationImpl pooled thread 268] INFO  c.b.l.BrowserStackRunExtension - Agent path: null
07:42:51.880 [ApplicationImpl pooled thread 275] INFO  c.b.l.BrowserStackRunExtension - testng
07:42:51.880 [ApplicationImpl pooled thread 275] INFO  com.browserstack.utils.Helpers - null
07:42:51.881 [ApplicationImpl pooled thread 275] INFO  c.b.l.BrowserStackRunExtension - Agent path: null
07:44:39.480 [ApplicationImpl pooled thread 277] INFO  c.b.l.BrowserStackRunExtension - testng
07:44:39.481 [ApplicationImpl pooled thread 277] INFO  com.browserstack.utils.Helpers - null
07:44:39.481 [ApplicationImpl pooled thread 277] INFO  c.b.l.BrowserStackRunExtension - Agent path: null
07:47:29.615 [ApplicationImpl pooled thread 275] INFO  c.b.l.BrowserStackRunExtension - testng
07:47:29.616 [ApplicationImpl pooled thread 275] INFO  com.browserstack.utils.Helpers - null
07:47:29.616 [ApplicationImpl pooled thread 275] INFO  c.b.l.BrowserStackRunExtension - Agent path: null
07:51:10.338 [ApplicationImpl pooled thread 284] INFO  c.b.l.BrowserStackRunExtension - testng
07:51:10.339 [ApplicationImpl pooled thread 284] INFO  com.browserstack.utils.Helpers - null
07:51:10.340 [ApplicationImpl pooled thread 284] INFO  c.b.l.BrowserStackRunExtension - Agent path: null
07:51:50.768 [ApplicationImpl pooled thread 268] INFO  c.b.l.BrowserStackRunExtension - testng
07:51:50.768 [ApplicationImpl pooled thread 268] INFO  com.browserstack.utils.Helpers - null
07:51:50.769 [ApplicationImpl pooled thread 268] INFO  c.b.l.BrowserStackRunExtension - Agent path: null
07:53:52.341 [ApplicationImpl pooled thread 268] INFO  c.b.l.BrowserStackRunExtension - testng
07:53:52.341 [ApplicationImpl pooled thread 268] INFO  com.browserstack.utils.Helpers - null
07:53:52.342 [ApplicationImpl pooled thread 268] INFO  c.b.l.BrowserStackRunExtension - Agent path: null
07:57:00.222 [ApplicationImpl pooled thread 292] INFO  c.b.l.BrowserStackRunExtension - testng
07:57:00.223 [ApplicationImpl pooled thread 292] INFO  com.browserstack.utils.Helpers - null
07:57:00.223 [ApplicationImpl pooled thread 292] INFO  c.b.l.BrowserStackRunExtension - Agent path: null
07:57:24.100 [ApplicationImpl pooled thread 268] INFO  c.b.l.BrowserStackRunExtension - testng
07:57:24.100 [ApplicationImpl pooled thread 268] INFO  com.browserstack.utils.Helpers - null
07:57:24.100 [ApplicationImpl pooled thread 268] INFO  c.b.l.BrowserStackRunExtension - Agent path: null
07:59:42.107 [ApplicationImpl pooled thread 268] INFO  c.b.l.BrowserStackRunExtension - testng
07:59:42.108 [ApplicationImpl pooled thread 268] INFO  com.browserstack.utils.Helpers - null
07:59:42.108 [ApplicationImpl pooled thread 268] INFO  c.b.l.BrowserStackRunExtension - Agent path: null
08:00:14.926 [ApplicationImpl pooled thread 288] INFO  c.b.l.BrowserStackRunExtension - testng
08:00:14.926 [ApplicationImpl pooled thread 288] INFO  com.browserstack.utils.Helpers - null
08:00:14.927 [ApplicationImpl pooled thread 288] INFO  c.b.l.BrowserStackRunExtension - Agent path: null
15:46:16.374 [AWT-EventQueue-0] INFO  c.b.actions.EnableBrowserStack - Setting enable browserstack run update
15:46:16.378 [AWT-EventQueue-0] INFO  c.b.actions.DisableBrowserStack - Setting disable browserstack run update
15:46:17.540 [AWT-EventQueue-0] INFO  c.b.actions.EnableBrowserStack - Setting enable browserstack run update
15:46:17.543 [AWT-EventQueue-0] INFO  c.b.actions.DisableBrowserStack - Setting disable browserstack run update
16:05:29.239 [AWT-EventQueue-0] INFO  c.b.actions.EnableBrowserStack - Setting enable browserstack run update
16:05:29.246 [AWT-EventQueue-0] INFO  c.b.actions.DisableBrowserStack - Setting disable browserstack run update
16:05:47.182 [ApplicationImpl pooled thread 11] INFO  c.b.l.BrowserStackRunExtension - testng
16:05:47.182 [ApplicationImpl pooled thread 11] INFO  com.browserstack.utils.Helpers - null
16:05:47.182 [ApplicationImpl pooled thread 11] INFO  c.b.l.BrowserStackRunExtension - Agent path: null
16:06:45.449 [ApplicationImpl pooled thread 7] INFO  c.b.l.BrowserStackRunExtension - testng
16:06:45.449 [ApplicationImpl pooled thread 7] INFO  com.browserstack.utils.Helpers - null
16:06:45.450 [ApplicationImpl pooled thread 7] INFO  c.b.l.BrowserStackRunExtension - Agent path: null
16:24:22.820 [ApplicationImpl pooled thread 26] INFO  c.b.l.BrowserStackRunExtension - testng
16:24:22.821 [ApplicationImpl pooled thread 26] INFO  com.browserstack.utils.Helpers - null
16:24:22.822 [ApplicationImpl pooled thread 26] INFO  c.b.l.BrowserStackRunExtension - Agent path: null
16:24:42.913 [ApplicationImpl pooled thread 28] INFO  c.b.l.BrowserStackRunExtension - testng
16:24:42.913 [ApplicationImpl pooled thread 28] INFO  com.browserstack.utils.Helpers - null
16:24:42.914 [ApplicationImpl pooled thread 28] INFO  c.b.l.BrowserStackRunExtension - Agent path: null
16:25:58.401 [ApplicationImpl pooled thread 21] INFO  c.b.l.BrowserStackRunExtension - testng
16:25:58.401 [ApplicationImpl pooled thread 21] INFO  com.browserstack.utils.Helpers - null
16:25:58.402 [ApplicationImpl pooled thread 21] INFO  c.b.l.BrowserStackRunExtension - Agent path: null
16:26:59.496 [ApplicationImpl pooled thread 24] INFO  c.b.l.BrowserStackRunExtension - testng
16:26:59.497 [ApplicationImpl pooled thread 24] INFO  com.browserstack.utils.Helpers - null
16:26:59.497 [ApplicationImpl pooled thread 24] INFO  c.b.l.BrowserStackRunExtension - Agent path: null
16:27:25.749 [ApplicationImpl pooled thread 24] INFO  c.b.l.BrowserStackRunExtension - testng
16:27:25.749 [ApplicationImpl pooled thread 24] INFO  com.browserstack.utils.Helpers - null
16:27:25.749 [ApplicationImpl pooled thread 24] INFO  c.b.l.BrowserStackRunExtension - Agent path: null
16:30:04.196 [ApplicationImpl pooled thread 24] INFO  c.b.l.BrowserStackRunExtension - testng
16:30:04.196 [ApplicationImpl pooled thread 24] INFO  com.browserstack.utils.Helpers - null
16:30:04.196 [ApplicationImpl pooled thread 24] INFO  c.b.l.BrowserStackRunExtension - Agent path: null
16:30:26.156 [ApplicationImpl pooled thread 33] INFO  c.b.l.BrowserStackRunExtension - testng
16:30:26.156 [ApplicationImpl pooled thread 33] INFO  com.browserstack.utils.Helpers - null
16:30:26.158 [ApplicationImpl pooled thread 33] INFO  c.b.l.BrowserStackRunExtension - Agent path: null
16:55:23.380 [ApplicationImpl pooled thread 53] INFO  c.b.l.BrowserStackRunExtension - testng
16:55:23.381 [ApplicationImpl pooled thread 53] INFO  com.browserstack.utils.Helpers - null
16:55:23.381 [ApplicationImpl pooled thread 53] INFO  c.b.l.BrowserStackRunExtension - Agent path: null
16:55:42.317 [ApplicationImpl pooled thread 56] INFO  c.b.l.BrowserStackRunExtension - testng
16:55:42.317 [ApplicationImpl pooled thread 56] INFO  com.browserstack.utils.Helpers - null
16:55:42.317 [ApplicationImpl pooled thread 56] INFO  c.b.l.BrowserStackRunExtension - Agent path: null
16:59:54.805 [ApplicationImpl pooled thread 60] INFO  c.b.l.BrowserStackRunExtension - testng
16:59:54.806 [ApplicationImpl pooled thread 60] INFO  com.browserstack.utils.Helpers - null
16:59:54.806 [ApplicationImpl pooled thread 60] INFO  c.b.l.BrowserStackRunExtension - Agent path: null
17:02:16.998 [ApplicationImpl pooled thread 62] INFO  c.b.l.BrowserStackRunExtension - testng
17:02:16.998 [ApplicationImpl pooled thread 62] INFO  com.browserstack.utils.Helpers - null
17:02:16.999 [ApplicationImpl pooled thread 62] INFO  c.b.l.BrowserStackRunExtension - Agent path: null
17:05:51.134 [ApplicationImpl pooled thread 75] INFO  c.b.l.BrowserStackRunExtension - testng
17:05:51.135 [ApplicationImpl pooled thread 75] INFO  com.browserstack.utils.Helpers - null
17:05:51.135 [ApplicationImpl pooled thread 75] INFO  c.b.l.BrowserStackRunExtension - Agent path: null
17:08:41.713 [ApplicationImpl pooled thread 76] INFO  c.b.l.BrowserStackRunExtension - testng
17:08:41.713 [ApplicationImpl pooled thread 76] INFO  com.browserstack.utils.Helpers - null
17:08:41.713 [ApplicationImpl pooled thread 76] INFO  c.b.l.BrowserStackRunExtension - Agent path: null
17:09:35.947 [ApplicationImpl pooled thread 78] INFO  c.b.l.BrowserStackRunExtension - testng
17:09:35.948 [ApplicationImpl pooled thread 78] INFO  com.browserstack.utils.Helpers - null
17:09:35.948 [ApplicationImpl pooled thread 78] INFO  c.b.l.BrowserStackRunExtension - Agent path: null
17:10:24.218 [ApplicationImpl pooled thread 75] INFO  c.b.l.BrowserStackRunExtension - testng
17:10:24.219 [ApplicationImpl pooled thread 75] INFO  com.browserstack.utils.Helpers - null
17:10:24.219 [ApplicationImpl pooled thread 75] INFO  c.b.l.BrowserStackRunExtension - Agent path: null
17:12:55.954 [ApplicationImpl pooled thread 79] INFO  c.b.l.BrowserStackRunExtension - testng
17:12:55.954 [ApplicationImpl pooled thread 79] INFO  com.browserstack.utils.Helpers - null
17:12:55.955 [ApplicationImpl pooled thread 79] INFO  c.b.l.BrowserStackRunExtension - Agent path: null
17:14:45.482 [ApplicationImpl pooled thread 79] INFO  c.b.l.BrowserStackRunExtension - testng
17:14:45.482 [ApplicationImpl pooled thread 79] INFO  com.browserstack.utils.Helpers - null
17:14:45.482 [ApplicationImpl pooled thread 79] INFO  c.b.l.BrowserStackRunExtension - Agent path: null
17:23:50.146 [ApplicationImpl pooled thread 91] INFO  c.b.l.BrowserStackRunExtension - testng
17:23:50.146 [ApplicationImpl pooled thread 91] INFO  com.browserstack.utils.Helpers - null
17:23:50.147 [ApplicationImpl pooled thread 91] INFO  c.b.l.BrowserStackRunExtension - Agent path: null
17:27:29.912 [ApplicationImpl pooled thread 79] INFO  c.b.l.BrowserStackRunExtension - testng
17:27:29.912 [ApplicationImpl pooled thread 79] INFO  com.browserstack.utils.Helpers - null
17:27:29.912 [ApplicationImpl pooled thread 79] INFO  c.b.l.BrowserStackRunExtension - Agent path: null
17:30:42.817 [ApplicationImpl pooled thread 107] INFO  c.b.l.BrowserStackRunExtension - testng
17:30:42.817 [ApplicationImpl pooled thread 107] INFO  com.browserstack.utils.Helpers - null
17:30:42.818 [ApplicationImpl pooled thread 107] INFO  c.b.l.BrowserStackRunExtension - Agent path: null
17:31:36.156 [ApplicationImpl pooled thread 105] INFO  c.b.l.BrowserStackRunExtension - testng
17:31:36.156 [ApplicationImpl pooled thread 105] INFO  com.browserstack.utils.Helpers - null
17:31:36.156 [ApplicationImpl pooled thread 105] INFO  c.b.l.BrowserStackRunExtension - Agent path: null
17:33:16.310 [ApplicationImpl pooled thread 109] INFO  c.b.l.BrowserStackRunExtension - testng
17:33:16.310 [ApplicationImpl pooled thread 109] INFO  com.browserstack.utils.Helpers - null
17:33:16.310 [ApplicationImpl pooled thread 109] INFO  c.b.l.BrowserStackRunExtension - Agent path: null
17:34:22.901 [ApplicationImpl pooled thread 106] INFO  c.b.l.BrowserStackRunExtension - testng
17:34:22.901 [ApplicationImpl pooled thread 106] INFO  com.browserstack.utils.Helpers - null
17:34:22.901 [ApplicationImpl pooled thread 106] INFO  c.b.l.BrowserStackRunExtension - Agent path: null
17:45:57.847 [ApplicationImpl pooled thread 113] INFO  c.b.l.BrowserStackRunExtension - testng
17:45:57.849 [ApplicationImpl pooled thread 113] INFO  com.browserstack.utils.Helpers - null
17:45:57.849 [ApplicationImpl pooled thread 113] INFO  c.b.l.BrowserStackRunExtension - Agent path: null
17:46:52.514 [ApplicationImpl pooled thread 120] INFO  c.b.l.BrowserStackRunExtension - testng
17:46:52.515 [ApplicationImpl pooled thread 120] INFO  com.browserstack.utils.Helpers - null
17:46:52.515 [ApplicationImpl pooled thread 120] INFO  c.b.l.BrowserStackRunExtension - Agent path: null
17:47:47.841 [ApplicationImpl pooled thread 121] INFO  c.b.l.BrowserStackRunExtension - testng
17:47:47.841 [ApplicationImpl pooled thread 121] INFO  com.browserstack.utils.Helpers - null
17:47:47.843 [ApplicationImpl pooled thread 121] INFO  c.b.l.BrowserStackRunExtension - Agent path: null
17:52:57.096 [ApplicationImpl pooled thread 114] INFO  c.b.l.BrowserStackRunExtension - testng
17:52:57.097 [ApplicationImpl pooled thread 114] INFO  com.browserstack.utils.Helpers - null
17:52:57.097 [ApplicationImpl pooled thread 114] INFO  c.b.l.BrowserStackRunExtension - Agent path: null
17:56:13.932 [ApplicationImpl pooled thread 125] INFO  c.b.l.BrowserStackRunExtension - testng
17:56:13.932 [ApplicationImpl pooled thread 125] INFO  com.browserstack.utils.Helpers - null
17:56:13.933 [ApplicationImpl pooled thread 125] INFO  c.b.l.BrowserStackRunExtension - Agent path: null
17:57:39.712 [ApplicationImpl pooled thread 125] INFO  c.b.l.BrowserStackRunExtension - testng
17:57:39.712 [ApplicationImpl pooled thread 125] INFO  com.browserstack.utils.Helpers - null
17:57:39.712 [ApplicationImpl pooled thread 125] INFO  c.b.l.BrowserStackRunExtension - Agent path: null
17:59:03.866 [ApplicationImpl pooled thread 133] INFO  c.b.l.BrowserStackRunExtension - testng
17:59:03.866 [ApplicationImpl pooled thread 133] INFO  com.browserstack.utils.Helpers - null
17:59:03.866 [ApplicationImpl pooled thread 133] INFO  c.b.l.BrowserStackRunExtension - Agent path: null
18:01:51.457 [ApplicationImpl pooled thread 139] INFO  c.b.l.BrowserStackRunExtension - testng
18:01:51.457 [ApplicationImpl pooled thread 139] INFO  com.browserstack.utils.Helpers - null
18:01:51.457 [ApplicationImpl pooled thread 139] INFO  c.b.l.BrowserStackRunExtension - Agent path: null
18:04:37.593 [ApplicationImpl pooled thread 147] INFO  c.b.l.BrowserStackRunExtension - testng
18:04:37.594 [ApplicationImpl pooled thread 147] INFO  com.browserstack.utils.Helpers - null
18:04:37.594 [ApplicationImpl pooled thread 147] INFO  c.b.l.BrowserStackRunExtension - Agent path: null
18:05:07.164 [ApplicationImpl pooled thread 148] INFO  c.b.l.BrowserStackRunExtension - testng
18:05:07.165 [ApplicationImpl pooled thread 148] INFO  com.browserstack.utils.Helpers - null
18:05:07.165 [ApplicationImpl pooled thread 148] INFO  c.b.l.BrowserStackRunExtension - Agent path: null
18:06:05.926 [ApplicationImpl pooled thread 144] INFO  c.b.l.BrowserStackRunExtension - testng
18:06:05.926 [ApplicationImpl pooled thread 144] INFO  com.browserstack.utils.Helpers - null
18:06:05.926 [ApplicationImpl pooled thread 144] INFO  c.b.l.BrowserStackRunExtension - Agent path: null
18:06:54.876 [ApplicationImpl pooled thread 149] INFO  c.b.l.BrowserStackRunExtension - testng
18:06:54.876 [ApplicationImpl pooled thread 149] INFO  com.browserstack.utils.Helpers - null
18:06:54.876 [ApplicationImpl pooled thread 149] INFO  c.b.l.BrowserStackRunExtension - Agent path: null
18:07:48.457 [ApplicationImpl pooled thread 139] INFO  c.b.l.BrowserStackRunExtension - testng
18:07:48.457 [ApplicationImpl pooled thread 139] INFO  com.browserstack.utils.Helpers - null
18:07:48.457 [ApplicationImpl pooled thread 139] INFO  c.b.l.BrowserStackRunExtension - Agent path: null
18:44:13.793 [ApplicationImpl pooled thread 163] INFO  c.b.l.BrowserStackRunExtension - testng
18:44:13.794 [ApplicationImpl pooled thread 163] INFO  com.browserstack.utils.Helpers - null
18:44:13.794 [ApplicationImpl pooled thread 163] INFO  c.b.l.BrowserStackRunExtension - Agent path: null
18:44:58.608 [ApplicationImpl pooled thread 181] INFO  c.b.l.BrowserStackRunExtension - testng
18:44:58.609 [ApplicationImpl pooled thread 181] INFO  com.browserstack.utils.Helpers - null
18:44:58.610 [ApplicationImpl pooled thread 181] INFO  c.b.l.BrowserStackRunExtension - Agent path: null
18:45:47.024 [ApplicationImpl pooled thread 173] INFO  c.b.l.BrowserStackRunExtension - testng
18:45:47.025 [ApplicationImpl pooled thread 173] INFO  com.browserstack.utils.Helpers - null
18:45:47.025 [ApplicationImpl pooled thread 173] INFO  c.b.l.BrowserStackRunExtension - Agent path: null
18:47:14.825 [ApplicationImpl pooled thread 181] INFO  c.b.l.BrowserStackRunExtension - testng
18:47:14.825 [ApplicationImpl pooled thread 181] INFO  com.browserstack.utils.Helpers - null
18:47:14.825 [ApplicationImpl pooled thread 181] INFO  c.b.l.BrowserStackRunExtension - Agent path: null
18:48:31.785 [ApplicationImpl pooled thread 165] INFO  c.b.l.BrowserStackRunExtension - testng
18:48:31.785 [ApplicationImpl pooled thread 165] INFO  com.browserstack.utils.Helpers - null
18:48:31.785 [ApplicationImpl pooled thread 165] INFO  c.b.l.BrowserStackRunExtension - Agent path: null
18:49:37.285 [ApplicationImpl pooled thread 183] INFO  c.b.l.BrowserStackRunExtension - testng
18:49:37.286 [ApplicationImpl pooled thread 183] INFO  com.browserstack.utils.Helpers - null
18:49:37.286 [ApplicationImpl pooled thread 183] INFO  c.b.l.BrowserStackRunExtension - Agent path: null
18:50:28.458 [ApplicationImpl pooled thread 180] INFO  c.b.l.BrowserStackRunExtension - testng
18:50:28.458 [ApplicationImpl pooled thread 180] INFO  com.browserstack.utils.Helpers - null
18:50:28.458 [ApplicationImpl pooled thread 180] INFO  c.b.l.BrowserStackRunExtension - Agent path: null
18:51:30.689 [ApplicationImpl pooled thread 183] INFO  c.b.l.BrowserStackRunExtension - testng
18:51:30.690 [ApplicationImpl pooled thread 183] INFO  com.browserstack.utils.Helpers - null
18:51:30.690 [ApplicationImpl pooled thread 183] INFO  c.b.l.BrowserStackRunExtension - Agent path: null
18:52:23.010 [ApplicationImpl pooled thread 180] INFO  c.b.l.BrowserStackRunExtension - testng
18:52:23.011 [ApplicationImpl pooled thread 180] INFO  com.browserstack.utils.Helpers - null
18:52:23.011 [ApplicationImpl pooled thread 180] INFO  c.b.l.BrowserStackRunExtension - Agent path: null
18:54:00.068 [ApplicationImpl pooled thread 185] INFO  c.b.l.BrowserStackRunExtension - testng
18:54:00.068 [ApplicationImpl pooled thread 185] INFO  com.browserstack.utils.Helpers - null
18:54:00.069 [ApplicationImpl pooled thread 185] INFO  c.b.l.BrowserStackRunExtension - Agent path: null
18:54:53.707 [ApplicationImpl pooled thread 178] INFO  c.b.l.BrowserStackRunExtension - testng
18:54:53.708 [ApplicationImpl pooled thread 178] INFO  com.browserstack.utils.Helpers - null
18:54:53.708 [ApplicationImpl pooled thread 178] INFO  c.b.l.BrowserStackRunExtension - Agent path: null
18:55:41.285 [ApplicationImpl pooled thread 185] INFO  c.b.l.BrowserStackRunExtension - testng
18:55:41.285 [ApplicationImpl pooled thread 185] INFO  com.browserstack.utils.Helpers - null
18:55:41.285 [ApplicationImpl pooled thread 185] INFO  c.b.l.BrowserStackRunExtension - Agent path: null
18:56:47.641 [ApplicationImpl pooled thread 181] INFO  c.b.l.BrowserStackRunExtension - testng
18:56:47.641 [ApplicationImpl pooled thread 181] INFO  com.browserstack.utils.Helpers - null
18:56:47.642 [ApplicationImpl pooled thread 181] INFO  c.b.l.BrowserStackRunExtension - Agent path: null
18:59:44.076 [ApplicationImpl pooled thread 191] INFO  c.b.l.BrowserStackRunExtension - testng
18:59:44.077 [ApplicationImpl pooled thread 191] INFO  com.browserstack.utils.Helpers - null
18:59:44.077 [ApplicationImpl pooled thread 191] INFO  c.b.l.BrowserStackRunExtension - Agent path: null
19:00:58.551 [ApplicationImpl pooled thread 186] INFO  c.b.l.BrowserStackRunExtension - testng
19:00:58.551 [ApplicationImpl pooled thread 186] INFO  com.browserstack.utils.Helpers - null
19:00:58.551 [ApplicationImpl pooled thread 186] INFO  c.b.l.BrowserStackRunExtension - Agent path: null
19:03:13.002 [ApplicationImpl pooled thread 181] INFO  c.b.l.BrowserStackRunExtension - testng
19:03:13.003 [ApplicationImpl pooled thread 181] INFO  com.browserstack.utils.Helpers - null
19:03:13.003 [ApplicationImpl pooled thread 181] INFO  c.b.l.BrowserStackRunExtension - Agent path: null
19:05:06.815 [ApplicationImpl pooled thread 201] INFO  c.b.l.BrowserStackRunExtension - testng
19:05:06.816 [ApplicationImpl pooled thread 201] INFO  com.browserstack.utils.Helpers - null
19:05:06.817 [ApplicationImpl pooled thread 201] INFO  c.b.l.BrowserStackRunExtension - Agent path: null
19:05:58.748 [ApplicationImpl pooled thread 199] INFO  c.b.l.BrowserStackRunExtension - testng
19:05:58.748 [ApplicationImpl pooled thread 199] INFO  com.browserstack.utils.Helpers - null
19:05:58.750 [ApplicationImpl pooled thread 199] INFO  c.b.l.BrowserStackRunExtension - Agent path: null
19:06:40.394 [ApplicationImpl pooled thread 181] INFO  c.b.l.BrowserStackRunExtension - testng
19:06:40.394 [ApplicationImpl pooled thread 181] INFO  com.browserstack.utils.Helpers - null
19:06:40.394 [ApplicationImpl pooled thread 181] INFO  c.b.l.BrowserStackRunExtension - Agent path: null
19:07:22.606 [ApplicationImpl pooled thread 199] INFO  c.b.l.BrowserStackRunExtension - testng
19:07:22.607 [ApplicationImpl pooled thread 199] INFO  com.browserstack.utils.Helpers - null
19:07:22.607 [ApplicationImpl pooled thread 199] INFO  c.b.l.BrowserStackRunExtension - Agent path: null
19:11:41.724 [ApplicationImpl pooled thread 209] INFO  c.b.l.BrowserStackRunExtension - testng
19:11:41.724 [ApplicationImpl pooled thread 209] INFO  com.browserstack.utils.Helpers - null
19:11:41.724 [ApplicationImpl pooled thread 209] INFO  c.b.l.BrowserStackRunExtension - Agent path: null
19:11:48.169 [ApplicationImpl pooled thread 209] INFO  c.b.l.BrowserStackRunExtension - testng
19:11:48.169 [ApplicationImpl pooled thread 209] INFO  com.browserstack.utils.Helpers - null
19:11:48.169 [ApplicationImpl pooled thread 209] INFO  c.b.l.BrowserStackRunExtension - Agent path: null
19:12:32.865 [ApplicationImpl pooled thread 205] INFO  c.b.l.BrowserStackRunExtension - testng
19:12:32.865 [ApplicationImpl pooled thread 205] INFO  com.browserstack.utils.Helpers - null
19:12:32.865 [ApplicationImpl pooled thread 205] INFO  c.b.l.BrowserStackRunExtension - Agent path: null
19:13:12.997 [ApplicationImpl pooled thread 207] INFO  c.b.l.BrowserStackRunExtension - testng
19:13:12.997 [ApplicationImpl pooled thread 207] INFO  com.browserstack.utils.Helpers - null
19:13:12.997 [ApplicationImpl pooled thread 207] INFO  c.b.l.BrowserStackRunExtension - Agent path: null
19:13:35.912 [ApplicationImpl pooled thread 201] INFO  c.b.l.BrowserStackRunExtension - testng
19:13:35.912 [ApplicationImpl pooled thread 201] INFO  com.browserstack.utils.Helpers - null
19:13:35.912 [ApplicationImpl pooled thread 201] INFO  c.b.l.BrowserStackRunExtension - Agent path: null
19:16:27.647 [ApplicationImpl pooled thread 197] INFO  c.b.l.BrowserStackRunExtension - testng
19:16:27.648 [ApplicationImpl pooled thread 197] INFO  com.browserstack.utils.Helpers - null
19:16:27.648 [ApplicationImpl pooled thread 197] INFO  c.b.l.BrowserStackRunExtension - Agent path: null
19:20:56.939 [ApplicationImpl pooled thread 209] INFO  c.b.l.BrowserStackRunExtension - testng
19:20:56.940 [ApplicationImpl pooled thread 209] INFO  com.browserstack.utils.Helpers - null
19:20:56.940 [ApplicationImpl pooled thread 209] INFO  c.b.l.BrowserStackRunExtension - Agent path: null
19:33:09.357 [ApplicationImpl pooled thread 216] INFO  c.b.l.BrowserStackRunExtension - testng
19:33:09.358 [ApplicationImpl pooled thread 216] INFO  com.browserstack.utils.Helpers - null
19:33:09.359 [ApplicationImpl pooled thread 216] INFO  c.b.l.BrowserStackRunExtension - Agent path: null
19:34:36.546 [ApplicationImpl pooled thread 213] INFO  c.b.l.BrowserStackRunExtension - testng
19:34:36.547 [ApplicationImpl pooled thread 213] INFO  com.browserstack.utils.Helpers - null
19:34:36.547 [ApplicationImpl pooled thread 213] INFO  c.b.l.BrowserStackRunExtension - Agent path: null
19:38:59.581 [ApplicationImpl pooled thread 226] INFO  c.b.l.BrowserStackRunExtension - testng
19:38:59.582 [ApplicationImpl pooled thread 226] INFO  com.browserstack.utils.Helpers - null
19:38:59.582 [ApplicationImpl pooled thread 226] INFO  c.b.l.BrowserStackRunExtension - Agent path: null
19:40:46.917 [ApplicationImpl pooled thread 226] INFO  c.b.l.BrowserStackRunExtension - testng
19:40:46.918 [ApplicationImpl pooled thread 226] INFO  com.browserstack.utils.Helpers - null
19:40:46.919 [ApplicationImpl pooled thread 226] INFO  c.b.l.BrowserStackRunExtension - Agent path: null
19:42:00.511 [ApplicationImpl pooled thread 229] INFO  c.b.l.BrowserStackRunExtension - testng
19:42:00.511 [ApplicationImpl pooled thread 229] INFO  com.browserstack.utils.Helpers - null
19:42:00.511 [ApplicationImpl pooled thread 229] INFO  c.b.l.BrowserStackRunExtension - Agent path: null
19:42:43.194 [ApplicationImpl pooled thread 233] INFO  c.b.l.BrowserStackRunExtension - testng
19:42:43.195 [ApplicationImpl pooled thread 233] INFO  com.browserstack.utils.Helpers - null
19:42:43.195 [ApplicationImpl pooled thread 233] INFO  c.b.l.BrowserStackRunExtension - Agent path: null
19:44:59.071 [ApplicationImpl pooled thread 238] INFO  c.b.l.BrowserStackRunExtension - testng
19:44:59.071 [ApplicationImpl pooled thread 238] INFO  com.browserstack.utils.Helpers - null
19:44:59.071 [ApplicationImpl pooled thread 238] INFO  c.b.l.BrowserStackRunExtension - Agent path: null
19:58:07.144 [ApplicationImpl pooled thread 238] INFO  c.b.l.BrowserStackRunExtension - testng
19:58:07.145 [ApplicationImpl pooled thread 238] INFO  com.browserstack.utils.Helpers - null
19:58:07.145 [ApplicationImpl pooled thread 238] INFO  c.b.l.BrowserStackRunExtension - Agent path: null
20:05:06.097 [ApplicationImpl pooled thread 262] INFO  c.b.l.BrowserStackRunExtension - testng
20:05:06.098 [ApplicationImpl pooled thread 262] INFO  com.browserstack.utils.Helpers - null
20:05:06.098 [ApplicationImpl pooled thread 262] INFO  c.b.l.BrowserStackRunExtension - Agent path: null
20:05:19.085 [ApplicationImpl pooled thread 262] INFO  c.b.l.BrowserStackRunExtension - testng
20:05:19.086 [ApplicationImpl pooled thread 262] INFO  com.browserstack.utils.Helpers - null
20:05:19.086 [ApplicationImpl pooled thread 262] INFO  c.b.l.BrowserStackRunExtension - Agent path: null
20:07:24.575 [ApplicationImpl pooled thread 267] INFO  c.b.l.BrowserStackRunExtension - testng
20:07:24.575 [ApplicationImpl pooled thread 267] INFO  com.browserstack.utils.Helpers - null
20:07:24.575 [ApplicationImpl pooled thread 267] INFO  c.b.l.BrowserStackRunExtension - Agent path: null
20:09:43.251 [ApplicationImpl pooled thread 274] INFO  c.b.l.BrowserStackRunExtension - testng
20:09:43.252 [ApplicationImpl pooled thread 274] INFO  com.browserstack.utils.Helpers - null
20:09:43.252 [ApplicationImpl pooled thread 274] INFO  c.b.l.BrowserStackRunExtension - Agent path: null
20:15:51.931 [ApplicationImpl pooled thread 281] INFO  c.b.l.BrowserStackRunExtension - testng
20:15:51.931 [ApplicationImpl pooled thread 281] INFO  com.browserstack.utils.Helpers - null
20:15:51.932 [ApplicationImpl pooled thread 281] INFO  c.b.l.BrowserStackRunExtension - Agent path: null
20:18:44.624 [ApplicationImpl pooled thread 279] INFO  c.b.l.BrowserStackRunExtension - testng
20:18:44.625 [ApplicationImpl pooled thread 279] INFO  com.browserstack.utils.Helpers - null
20:18:44.625 [ApplicationImpl pooled thread 279] INFO  c.b.l.BrowserStackRunExtension - Agent path: null
20:21:07.684 [ApplicationImpl pooled thread 291] INFO  c.b.l.BrowserStackRunExtension - testng
20:21:07.685 [ApplicationImpl pooled thread 291] INFO  com.browserstack.utils.Helpers - null
20:21:07.685 [ApplicationImpl pooled thread 291] INFO  c.b.l.BrowserStackRunExtension - Agent path: null
20:21:19.559 [ApplicationImpl pooled thread 295] INFO  c.b.l.BrowserStackRunExtension - testng
20:21:19.559 [ApplicationImpl pooled thread 295] INFO  com.browserstack.utils.Helpers - null
20:21:19.560 [ApplicationImpl pooled thread 295] INFO  c.b.l.BrowserStackRunExtension - Agent path: null
20:25:25.822 [ApplicationImpl pooled thread 292] INFO  c.b.l.BrowserStackRunExtension - testng
20:25:25.823 [ApplicationImpl pooled thread 292] INFO  com.browserstack.utils.Helpers - null
20:25:25.823 [ApplicationImpl pooled thread 292] INFO  c.b.l.BrowserStackRunExtension - Agent path: null
20:26:22.173 [ApplicationImpl pooled thread 301] INFO  c.b.l.BrowserStackRunExtension - testng
20:26:22.173 [ApplicationImpl pooled thread 301] INFO  com.browserstack.utils.Helpers - null
20:26:22.175 [ApplicationImpl pooled thread 301] INFO  c.b.l.BrowserStackRunExtension - Agent path: null
20:29:00.961 [ApplicationImpl pooled thread 301] INFO  c.b.l.BrowserStackRunExtension - testng
20:29:00.961 [ApplicationImpl pooled thread 301] INFO  com.browserstack.utils.Helpers - null
20:29:00.961 [ApplicationImpl pooled thread 301] INFO  c.b.l.BrowserStackRunExtension - Agent path: null
20:29:53.045 [ApplicationImpl pooled thread 307] INFO  c.b.l.BrowserStackRunExtension - testng
20:29:53.045 [ApplicationImpl pooled thread 307] INFO  com.browserstack.utils.Helpers - null
20:29:53.048 [ApplicationImpl pooled thread 307] INFO  c.b.l.BrowserStackRunExtension - Agent path: null
20:32:57.623 [ApplicationImpl pooled thread 307] INFO  c.b.l.BrowserStackRunExtension - testng
20:32:57.623 [ApplicationImpl pooled thread 307] INFO  com.browserstack.utils.Helpers - null
20:32:57.623 [ApplicationImpl pooled thread 307] INFO  c.b.l.BrowserStackRunExtension - Agent path: null
20:50:24.905 [ApplicationImpl pooled thread 330] INFO  c.b.l.BrowserStackRunExtension - testng
20:50:24.906 [ApplicationImpl pooled thread 330] INFO  com.browserstack.utils.Helpers - null
20:50:24.906 [ApplicationImpl pooled thread 330] INFO  c.b.l.BrowserStackRunExtension - Agent path: null
20:57:21.890 [ApplicationImpl pooled thread 336] INFO  c.b.l.BrowserStackRunExtension - testng
20:57:21.891 [ApplicationImpl pooled thread 336] INFO  com.browserstack.utils.Helpers - null
20:57:21.891 [ApplicationImpl pooled thread 336] INFO  c.b.l.BrowserStackRunExtension - Agent path: null
21:10:19.874 [ApplicationImpl pooled thread 362] INFO  c.b.l.BrowserStackRunExtension - testng
21:10:19.875 [ApplicationImpl pooled thread 362] INFO  com.browserstack.utils.Helpers - null
21:10:19.875 [ApplicationImpl pooled thread 362] INFO  c.b.l.BrowserStackRunExtension - Agent path: null
21:20:50.818 [ApplicationImpl pooled thread 374] INFO  c.b.l.BrowserStackRunExtension - testng
21:20:50.820 [ApplicationImpl pooled thread 374] INFO  com.browserstack.utils.Helpers - null
21:20:50.820 [ApplicationImpl pooled thread 374] INFO  c.b.l.BrowserStackRunExtension - Agent path: null
21:22:26.029 [ApplicationImpl pooled thread 374] INFO  c.b.l.BrowserStackRunExtension - testng
21:22:26.030 [ApplicationImpl pooled thread 374] INFO  com.browserstack.utils.Helpers - null
21:22:26.030 [ApplicationImpl pooled thread 374] INFO  c.b.l.BrowserStackRunExtension - Agent path: null
21:23:15.021 [ApplicationImpl pooled thread 374] INFO  c.b.l.BrowserStackRunExtension - testng
21:23:15.022 [ApplicationImpl pooled thread 374] INFO  com.browserstack.utils.Helpers - null
21:23:15.023 [ApplicationImpl pooled thread 374] INFO  c.b.l.BrowserStackRunExtension - Agent path: null
21:25:17.840 [ApplicationImpl pooled thread 382] INFO  c.b.l.BrowserStackRunExtension - testng
21:25:17.840 [ApplicationImpl pooled thread 382] INFO  com.browserstack.utils.Helpers - null
21:25:17.841 [ApplicationImpl pooled thread 382] INFO  c.b.l.BrowserStackRunExtension - Agent path: null
21:27:24.554 [ApplicationImpl pooled thread 383] INFO  c.b.l.BrowserStackRunExtension - testng
21:27:24.555 [ApplicationImpl pooled thread 383] INFO  com.browserstack.utils.Helpers - null
21:27:24.555 [ApplicationImpl pooled thread 383] INFO  c.b.l.BrowserStackRunExtension - Agent path: null
21:29:22.236 [ApplicationImpl pooled thread 393] INFO  c.b.l.BrowserStackRunExtension - testng
21:29:22.237 [ApplicationImpl pooled thread 393] INFO  com.browserstack.utils.Helpers - null
21:29:22.237 [ApplicationImpl pooled thread 393] INFO  c.b.l.BrowserStackRunExtension - Agent path: null
21:30:10.921 [ApplicationImpl pooled thread 394] INFO  c.b.l.BrowserStackRunExtension - testng
21:30:10.922 [ApplicationImpl pooled thread 394] INFO  com.browserstack.utils.Helpers - null
21:30:10.924 [ApplicationImpl pooled thread 394] INFO  c.b.l.BrowserStackRunExtension - Agent path: null
21:30:43.513 [ApplicationImpl pooled thread 390] INFO  c.b.l.BrowserStackRunExtension - testng
21:30:43.514 [ApplicationImpl pooled thread 390] INFO  com.browserstack.utils.Helpers - null
21:30:43.514 [ApplicationImpl pooled thread 390] INFO  c.b.l.BrowserStackRunExtension - Agent path: null
21:31:08.437 [ApplicationImpl pooled thread 378] INFO  c.b.l.BrowserStackRunExtension - testng
21:31:08.438 [ApplicationImpl pooled thread 378] INFO  com.browserstack.utils.Helpers - null
21:31:08.438 [ApplicationImpl pooled thread 378] INFO  c.b.l.BrowserStackRunExtension - Agent path: null
21:34:12.915 [ApplicationImpl pooled thread 395] INFO  c.b.l.BrowserStackRunExtension - testng
21:34:12.916 [ApplicationImpl pooled thread 395] INFO  com.browserstack.utils.Helpers - null
21:34:12.916 [ApplicationImpl pooled thread 395] INFO  c.b.l.BrowserStackRunExtension - Agent path: null
21:34:51.555 [ApplicationImpl pooled thread 397] INFO  c.b.l.BrowserStackRunExtension - testng
21:34:51.556 [ApplicationImpl pooled thread 397] INFO  com.browserstack.utils.Helpers - null
21:34:51.556 [ApplicationImpl pooled thread 397] INFO  c.b.l.BrowserStackRunExtension - Agent path: null
21:36:50.528 [ApplicationImpl pooled thread 402] INFO  c.b.l.BrowserStackRunExtension - testng
21:36:50.528 [ApplicationImpl pooled thread 402] INFO  com.browserstack.utils.Helpers - null
21:36:50.528 [ApplicationImpl pooled thread 402] INFO  c.b.l.BrowserStackRunExtension - Agent path: null
21:38:11.944 [ApplicationImpl pooled thread 404] INFO  c.b.l.BrowserStackRunExtension - testng
21:38:11.946 [ApplicationImpl pooled thread 404] INFO  com.browserstack.utils.Helpers - null
21:38:11.946 [ApplicationImpl pooled thread 404] INFO  c.b.l.BrowserStackRunExtension - Agent path: null
21:38:44.599 [ApplicationImpl pooled thread 403] INFO  c.b.l.BrowserStackRunExtension - testng
21:38:44.599 [ApplicationImpl pooled thread 403] INFO  com.browserstack.utils.Helpers - null
21:38:44.599 [ApplicationImpl pooled thread 403] INFO  c.b.l.BrowserStackRunExtension - Agent path: null
21:41:21.980 [ApplicationImpl pooled thread 403] INFO  c.b.l.BrowserStackRunExtension - testng
21:41:21.982 [ApplicationImpl pooled thread 403] INFO  com.browserstack.utils.Helpers - null
21:41:21.982 [ApplicationImpl pooled thread 403] INFO  c.b.l.BrowserStackRunExtension - Agent path: null
21:44:25.455 [ApplicationImpl pooled thread 413] INFO  c.b.l.BrowserStackRunExtension - testng
21:44:25.456 [ApplicationImpl pooled thread 413] INFO  com.browserstack.utils.Helpers - null
21:44:25.456 [ApplicationImpl pooled thread 413] INFO  c.b.l.BrowserStackRunExtension - Agent path: null
21:47:05.544 [ApplicationImpl pooled thread 412] INFO  c.b.l.BrowserStackRunExtension - testng
21:47:05.545 [ApplicationImpl pooled thread 412] INFO  com.browserstack.utils.Helpers - null
21:47:05.545 [ApplicationImpl pooled thread 412] INFO  c.b.l.BrowserStackRunExtension - Agent path: null
21:49:37.914 [ApplicationImpl pooled thread 423] INFO  c.b.l.BrowserStackRunExtension - testng
21:49:37.915 [ApplicationImpl pooled thread 423] INFO  com.browserstack.utils.Helpers - null
21:49:37.917 [ApplicationImpl pooled thread 423] INFO  c.b.l.BrowserStackRunExtension - Agent path: null
21:51:41.916 [ApplicationImpl pooled thread 424] INFO  c.b.l.BrowserStackRunExtension - testng
21:51:41.917 [ApplicationImpl pooled thread 424] INFO  com.browserstack.utils.Helpers - null
21:51:41.917 [ApplicationImpl pooled thread 424] INFO  c.b.l.BrowserStackRunExtension - Agent path: null
21:52:19.135 [ApplicationImpl pooled thread 429] INFO  c.b.l.BrowserStackRunExtension - testng
21:52:19.136 [ApplicationImpl pooled thread 429] INFO  com.browserstack.utils.Helpers - null
21:52:19.136 [ApplicationImpl pooled thread 429] INFO  c.b.l.BrowserStackRunExtension - Agent path: null
21:56:52.852 [ApplicationImpl pooled thread 423] INFO  c.b.l.BrowserStackRunExtension - testng
21:56:52.853 [ApplicationImpl pooled thread 423] INFO  com.browserstack.utils.Helpers - null
21:56:52.853 [ApplicationImpl pooled thread 423] INFO  c.b.l.BrowserStackRunExtension - Agent path: null
21:58:27.902 [ApplicationImpl pooled thread 444] INFO  c.b.l.BrowserStackRunExtension - testng
21:58:27.903 [ApplicationImpl pooled thread 444] INFO  com.browserstack.utils.Helpers - null
21:58:27.903 [ApplicationImpl pooled thread 444] INFO  c.b.l.BrowserStackRunExtension - Agent path: null
21:58:39.712 [ApplicationImpl pooled thread 436] INFO  c.b.l.BrowserStackRunExtension - testng
21:58:39.712 [ApplicationImpl pooled thread 436] INFO  com.browserstack.utils.Helpers - null
21:58:39.712 [ApplicationImpl pooled thread 436] INFO  c.b.l.BrowserStackRunExtension - Agent path: null
21:59:18.887 [ApplicationImpl pooled thread 434] INFO  c.b.l.BrowserStackRunExtension - testng
21:59:18.888 [ApplicationImpl pooled thread 434] INFO  com.browserstack.utils.Helpers - null
21:59:18.888 [ApplicationImpl pooled thread 434] INFO  c.b.l.BrowserStackRunExtension - Agent path: null
22:04:23.843 [ApplicationImpl pooled thread 449] INFO  c.b.l.BrowserStackRunExtension - testng
22:04:23.845 [ApplicationImpl pooled thread 449] INFO  com.browserstack.utils.Helpers - null
22:04:23.846 [ApplicationImpl pooled thread 449] INFO  c.b.l.BrowserStackRunExtension - Agent path: null
22:09:59.232 [ApplicationImpl pooled thread 451] INFO  c.b.l.BrowserStackRunExtension - testng
22:09:59.234 [ApplicationImpl pooled thread 451] INFO  com.browserstack.utils.Helpers - null
22:09:59.234 [ApplicationImpl pooled thread 451] INFO  c.b.l.BrowserStackRunExtension - Agent path: null
22:10:38.178 [ApplicationImpl pooled thread 453] INFO  c.b.l.BrowserStackRunExtension - testng
22:10:38.179 [ApplicationImpl pooled thread 453] INFO  com.browserstack.utils.Helpers - null
22:10:38.179 [ApplicationImpl pooled thread 453] INFO  c.b.l.BrowserStackRunExtension - Agent path: null
22:13:18.093 [ApplicationImpl pooled thread 458] INFO  c.b.l.BrowserStackRunExtension - testng
22:13:18.094 [ApplicationImpl pooled thread 458] INFO  com.browserstack.utils.Helpers - null
22:13:18.094 [ApplicationImpl pooled thread 458] INFO  c.b.l.BrowserStackRunExtension - Agent path: null
22:15:59.381 [ApplicationImpl pooled thread 458] INFO  c.b.l.BrowserStackRunExtension - testng
22:15:59.382 [ApplicationImpl pooled thread 458] INFO  com.browserstack.utils.Helpers - null
22:15:59.383 [ApplicationImpl pooled thread 458] INFO  c.b.l.BrowserStackRunExtension - Agent path: null
22:18:06.708 [ApplicationImpl pooled thread 469] INFO  c.b.l.BrowserStackRunExtension - testng
22:18:06.710 [ApplicationImpl pooled thread 469] INFO  com.browserstack.utils.Helpers - null
22:18:06.710 [ApplicationImpl pooled thread 469] INFO  c.b.l.BrowserStackRunExtension - Agent path: null
22:20:26.523 [ApplicationImpl pooled thread 476] INFO  c.b.l.BrowserStackRunExtension - testng
22:20:26.524 [ApplicationImpl pooled thread 476] INFO  com.browserstack.utils.Helpers - null
22:20:26.524 [ApplicationImpl pooled thread 476] INFO  c.b.l.BrowserStackRunExtension - Agent path: null
22:22:06.169 [ApplicationImpl pooled thread 477] INFO  c.b.l.BrowserStackRunExtension - testng
22:22:06.169 [ApplicationImpl pooled thread 477] INFO  com.browserstack.utils.Helpers - null
22:22:06.170 [ApplicationImpl pooled thread 477] INFO  c.b.l.BrowserStackRunExtension - Agent path: null
22:24:01.089 [ApplicationImpl pooled thread 482] INFO  c.b.l.BrowserStackRunExtension - testng
22:24:01.089 [ApplicationImpl pooled thread 482] INFO  com.browserstack.utils.Helpers - null
22:24:01.091 [ApplicationImpl pooled thread 482] INFO  c.b.l.BrowserStackRunExtension - Agent path: null
00:21:00.413 [ApplicationImpl pooled thread 581] INFO  c.b.l.BrowserStackRunExtension - testng
00:21:00.414 [ApplicationImpl pooled thread 581] INFO  com.browserstack.utils.Helpers - null
00:21:00.414 [ApplicationImpl pooled thread 581] INFO  c.b.l.BrowserStackRunExtension - Agent path: null
00:25:04.199 [ApplicationImpl pooled thread 578] INFO  c.b.l.BrowserStackRunExtension - testng
00:25:04.200 [ApplicationImpl pooled thread 578] INFO  com.browserstack.utils.Helpers - null
00:25:04.200 [ApplicationImpl pooled thread 578] INFO  c.b.l.BrowserStackRunExtension - Agent path: null
00:27:15.621 [ApplicationImpl pooled thread 572] INFO  c.b.l.BrowserStackRunExtension - testng
00:27:15.622 [ApplicationImpl pooled thread 572] INFO  com.browserstack.utils.Helpers - null
00:27:15.622 [ApplicationImpl pooled thread 572] INFO  c.b.l.BrowserStackRunExtension - Agent path: null
00:27:30.464 [ApplicationImpl pooled thread 583] INFO  c.b.l.BrowserStackRunExtension - testng
00:27:30.465 [ApplicationImpl pooled thread 583] INFO  com.browserstack.utils.Helpers - null
00:27:30.465 [ApplicationImpl pooled thread 583] INFO  c.b.l.BrowserStackRunExtension - Agent path: null
00:29:39.804 [ApplicationImpl pooled thread 597] INFO  c.b.l.BrowserStackRunExtension - testng
00:29:39.806 [ApplicationImpl pooled thread 597] INFO  com.browserstack.utils.Helpers - null
00:29:39.806 [ApplicationImpl pooled thread 597] INFO  c.b.l.BrowserStackRunExtension - Agent path: null
00:31:29.129 [ApplicationImpl pooled thread 599] INFO  c.b.l.BrowserStackRunExtension - testng
00:31:29.130 [ApplicationImpl pooled thread 599] INFO  com.browserstack.utils.Helpers - null
00:31:29.130 [ApplicationImpl pooled thread 599] INFO  c.b.l.BrowserStackRunExtension - Agent path: null
00:32:14.441 [ApplicationImpl pooled thread 592] INFO  c.b.l.BrowserStackRunExtension - testng
00:32:14.444 [ApplicationImpl pooled thread 592] INFO  com.browserstack.utils.Helpers - null
00:32:14.444 [ApplicationImpl pooled thread 592] INFO  c.b.l.BrowserStackRunExtension - Agent path: null
00:32:27.393 [ApplicationImpl pooled thread 601] INFO  c.b.l.BrowserStackRunExtension - testng
00:32:27.394 [ApplicationImpl pooled thread 601] INFO  com.browserstack.utils.Helpers - null
00:32:27.395 [ApplicationImpl pooled thread 601] INFO  c.b.l.BrowserStackRunExtension - Agent path: null
00:33:19.531 [ApplicationImpl pooled thread 600] INFO  c.b.l.BrowserStackRunExtension - testng
00:33:19.531 [ApplicationImpl pooled thread 600] INFO  com.browserstack.utils.Helpers - null
00:33:19.531 [ApplicationImpl pooled thread 600] INFO  c.b.l.BrowserStackRunExtension - Agent path: null
00:35:45.264 [ApplicationImpl pooled thread 607] INFO  c.b.l.BrowserStackRunExtension - testng
00:35:45.265 [ApplicationImpl pooled thread 607] INFO  com.browserstack.utils.Helpers - null
00:35:45.265 [ApplicationImpl pooled thread 607] INFO  c.b.l.BrowserStackRunExtension - Agent path: null
00:36:36.113 [ApplicationImpl pooled thread 604] INFO  c.b.l.BrowserStackRunExtension - testng
00:36:36.115 [ApplicationImpl pooled thread 604] INFO  com.browserstack.utils.Helpers - null
00:36:36.115 [ApplicationImpl pooled thread 604] INFO  c.b.l.BrowserStackRunExtension - Agent path: null
00:42:30.790 [ApplicationImpl pooled thread 611] INFO  c.b.l.BrowserStackRunExtension - testng
00:42:30.793 [ApplicationImpl pooled thread 611] INFO  com.browserstack.utils.Helpers - null
00:42:30.793 [ApplicationImpl pooled thread 611] INFO  c.b.l.BrowserStackRunExtension - Agent path: null
00:46:10.566 [ApplicationImpl pooled thread 607] INFO  c.b.l.BrowserStackRunExtension - testng
00:46:10.567 [ApplicationImpl pooled thread 607] INFO  com.browserstack.utils.Helpers - null
00:46:10.568 [ApplicationImpl pooled thread 607] INFO  c.b.l.BrowserStackRunExtension - Agent path: null
00:46:50.528 [ApplicationImpl pooled thread 622] INFO  c.b.l.BrowserStackRunExtension - testng
00:46:50.530 [ApplicationImpl pooled thread 622] INFO  com.browserstack.utils.Helpers - null
00:46:50.530 [ApplicationImpl pooled thread 622] INFO  c.b.l.BrowserStackRunExtension - Agent path: null
00:54:01.076 [ApplicationImpl pooled thread 624] INFO  c.b.l.BrowserStackRunExtension - testng
00:54:01.076 [ApplicationImpl pooled thread 624] INFO  com.browserstack.utils.Helpers - null
00:54:01.076 [ApplicationImpl pooled thread 624] INFO  c.b.l.BrowserStackRunExtension - Agent path: null
00:57:13.951 [ApplicationImpl pooled thread 633] INFO  c.b.l.BrowserStackRunExtension - testng
00:57:13.952 [ApplicationImpl pooled thread 633] INFO  com.browserstack.utils.Helpers - null
00:57:13.953 [ApplicationImpl pooled thread 633] INFO  c.b.l.BrowserStackRunExtension - Agent path: null
00:57:47.204 [ApplicationImpl pooled thread 638] INFO  c.b.l.BrowserStackRunExtension - testng
00:57:47.205 [ApplicationImpl pooled thread 638] INFO  com.browserstack.utils.Helpers - null
00:57:47.205 [ApplicationImpl pooled thread 638] INFO  c.b.l.BrowserStackRunExtension - Agent path: null
01:16:47.245 [ApplicationImpl pooled thread 652] INFO  c.b.l.BrowserStackRunExtension - testng
01:16:47.247 [ApplicationImpl pooled thread 652] INFO  com.browserstack.utils.Helpers - null
01:16:47.248 [ApplicationImpl pooled thread 652] INFO  c.b.l.BrowserStackRunExtension - Agent path: null
01:17:44.555 [ApplicationImpl pooled thread 652] INFO  c.b.l.BrowserStackRunExtension - testng
01:17:44.556 [ApplicationImpl pooled thread 652] INFO  com.browserstack.utils.Helpers - null
01:17:44.556 [ApplicationImpl pooled thread 652] INFO  c.b.l.BrowserStackRunExtension - Agent path: null
01:18:39.687 [ApplicationImpl pooled thread 650] INFO  c.b.l.BrowserStackRunExtension - testng
01:18:39.689 [ApplicationImpl pooled thread 650] INFO  com.browserstack.utils.Helpers - null
01:18:39.689 [ApplicationImpl pooled thread 650] INFO  c.b.l.BrowserStackRunExtension - Agent path: null
01:19:11.859 [ApplicationImpl pooled thread 652] INFO  c.b.l.BrowserStackRunExtension - testng
01:19:11.861 [ApplicationImpl pooled thread 652] INFO  com.browserstack.utils.Helpers - null
01:19:11.862 [ApplicationImpl pooled thread 652] INFO  c.b.l.BrowserStackRunExtension - Agent path: null
01:26:49.177 [ApplicationImpl pooled thread 659] INFO  c.b.l.BrowserStackRunExtension - testng
01:26:49.179 [ApplicationImpl pooled thread 659] INFO  com.browserstack.utils.Helpers - null
01:26:49.179 [ApplicationImpl pooled thread 659] INFO  c.b.l.BrowserStackRunExtension - Agent path: null
01:27:36.412 [ApplicationImpl pooled thread 664] INFO  c.b.l.BrowserStackRunExtension - testng
01:27:36.415 [ApplicationImpl pooled thread 664] INFO  com.browserstack.utils.Helpers - null
01:27:36.417 [ApplicationImpl pooled thread 664] INFO  c.b.l.BrowserStackRunExtension - Agent path: null
01:28:17.326 [ApplicationImpl pooled thread 663] INFO  c.b.l.BrowserStackRunExtension - testng
01:28:17.328 [ApplicationImpl pooled thread 663] INFO  com.browserstack.utils.Helpers - null
01:28:17.328 [ApplicationImpl pooled thread 663] INFO  c.b.l.BrowserStackRunExtension - Agent path: null
01:31:56.668 [ApplicationImpl pooled thread 651] INFO  c.b.l.BrowserStackRunExtension - testng
01:31:56.673 [ApplicationImpl pooled thread 651] INFO  com.browserstack.utils.Helpers - null
01:31:56.673 [ApplicationImpl pooled thread 651] INFO  c.b.l.BrowserStackRunExtension - Agent path: null
01:32:30.157 [ApplicationImpl pooled thread 663] INFO  c.b.l.BrowserStackRunExtension - testng
01:32:30.159 [ApplicationImpl pooled thread 663] INFO  com.browserstack.utils.Helpers - null
01:32:30.159 [ApplicationImpl pooled thread 663] INFO  c.b.l.BrowserStackRunExtension - Agent path: null
01:34:42.501 [AWT-EventQueue-0] INFO  c.b.actions.EnableBrowserStack - Setting enable browserstack run update
01:34:42.505 [AWT-EventQueue-0] INFO  c.b.actions.DisableBrowserStack - Setting disable browserstack run update
